<?xml version="1.0" encoding="UTF-8"?>
<testng-results ignored="0" total="1" passed="1" failed="0" skipped="0">
  <reporter-output>
  </reporter-output>
  <suite started-at="2023-01-29T17:05:32 IST" name="Suite" finished-at="2023-01-29T17:05:36 IST" duration-ms="4217">
    <groups>
    </groups>
    <test started-at="2023-01-29T17:05:32 IST" name="Test" finished-at="2023-01-29T17:05:36 IST" duration-ms="4217">
      <class name="mvn.test">
        <test-method signature="test()[pri:0, instance:mvn.test@68567e20]" started-at="2023-01-29T17:05:32 IST" name="test" finished-at="2023-01-29T17:05:36 IST" duration-ms="4182" status="PASS">
          <reporter-output>
          </reporter-output>
        </test-method> <!-- test -->
      </class> <!-- mvn.test -->
    </test> <!-- Test -->
  </suite> <!-- Suite -->
</testng-results>
