<?xml version="1.0" encoding="UTF-8"?>
<testng-results ignored="0" total="1" passed="1" failed="0" skipped="0">
  <reporter-output>
  </reporter-output>
  <suite started-at="2023-01-29T15:27:40 IST" name="Default suite" finished-at="2023-01-29T15:27:43 IST" duration-ms="3017">
    <groups>
    </groups>
    <test started-at="2023-01-29T15:27:40 IST" name="Default test" finished-at="2023-01-29T15:27:43 IST" duration-ms="3017">
      <class name="mvn.test">
        <test-method signature="test()[pri:0, instance:mvn.test@671a5887]" started-at="2023-01-29T15:27:40 IST" name="test" finished-at="2023-01-29T15:27:43 IST" duration-ms="2974" status="PASS">
          <reporter-output>
          </reporter-output>
        </test-method> <!-- test -->
      </class> <!-- mvn.test -->
    </test> <!-- Default test -->
  </suite> <!-- Default suite -->
</testng-results>
